<?xml version="1.0" encoding="UTF-8"?>
<coverage generated="1748088416519" clover="3.2.0">
  <project timestamp="1748088416519" name="All files">
    <metrics statements="209" coveredstatements="167" conditionals="41" coveredconditionals="32" methods="79" coveredmethods="59" elements="329" coveredelements="258" complexity="0" loc="209" ncloc="209" packages="3" files="5" classes="5"/>
    <package name="src">
      <metrics statements="6" coveredstatements="6" conditionals="0" coveredconditionals="0" methods="1" coveredmethods="1"/>
      <file name="App.tsx" path="/Users/tmys-sasaki/Projects/Private/KanshiChan/frontend/src/App.tsx">
        <metrics statements="6" coveredstatements="6" conditionals="0" coveredconditionals="0" methods="1" coveredmethods="1"/>
        <line num="1" count="1" type="stmt"/>
        <line num="2" count="1" type="stmt"/>
        <line num="3" count="1" type="stmt"/>
        <line num="4" count="1" type="stmt"/>
        <line num="7" count="9" type="stmt"/>
        <line num="31" count="1" type="stmt"/>
      </file>
    </package>
    <package name="src.components">
      <metrics statements="157" coveredstatements="128" conditionals="38" coveredconditionals="30" methods="49" coveredmethods="43"/>
      <file name="MonitorView.tsx" path="/Users/tmys-sasaki/Projects/Private/KanshiChan/frontend/src/components/MonitorView.tsx">
        <metrics statements="39" coveredstatements="37" conditionals="24" coveredconditionals="23" methods="11" coveredmethods="11"/>
        <line num="1" count="2" type="stmt"/>
        <line num="2" count="2" type="stmt"/>
        <line num="3" count="2" type="stmt"/>
        <line num="4" count="2" type="stmt"/>
        <line num="6" count="2" type="stmt"/>
        <line num="7" count="24" type="stmt"/>
        <line num="8" count="24" type="stmt"/>
        <line num="9" count="24" type="stmt"/>
        <line num="10" count="24" type="stmt"/>
        <line num="11" count="24" type="stmt"/>
        <line num="18" count="24" type="stmt"/>
        <line num="20" count="19" type="stmt"/>
        <line num="23" count="19" type="stmt"/>
        <line num="24" count="1" type="stmt"/>
        <line num="34" count="19" type="stmt"/>
        <line num="35" count="1" type="cond" truecount="1" falsecount="0"/>
        <line num="36" count="1" type="stmt"/>
        <line num="41" count="19" type="stmt"/>
        <line num="42" count="19" type="stmt"/>
        <line num="43" count="19" type="stmt"/>
        <line num="47" count="24" type="stmt"/>
        <line num="48" count="19" type="cond" truecount="1" falsecount="0"/>
        <line num="51" count="19" type="stmt"/>
        <line num="55" count="24" type="stmt"/>
        <line num="56" count="3" type="stmt"/>
        <line num="57" count="3" type="cond" truecount="2" falsecount="0"/>
        <line num="58" count="2" type="cond" truecount="3" falsecount="1"/>
        <line num="59" count="2" type="stmt"/>
        <line num="61" count="1" type="stmt"/>
        <line num="62" count="1" type="stmt"/>
        <line num="65" count="0" type="stmt"/>
        <line num="66" count="0" type="stmt"/>
        <line num="76" count="24" type="stmt"/>
        <line num="77" count="19" type="stmt"/>
        <line num="78" count="2" type="stmt"/>
        <line num="81" count="19" type="stmt"/>
        <line num="82" count="19" type="stmt"/>
        <line num="83" count="19" type="stmt"/>
        <line num="87" count="24" type="stmt"/>
      </file>
      <file name="ScheduleView.tsx" path="/Users/tmys-sasaki/Projects/Private/KanshiChan/frontend/src/components/ScheduleView.tsx">
        <metrics statements="77" coveredstatements="55" conditionals="14" coveredconditionals="7" methods="16" coveredmethods="14"/>
        <line num="1" count="2" type="stmt"/>
        <line num="2" count="2" type="stmt"/>
        <line num="3" count="2" type="stmt"/>
        <line num="4" count="2" type="stmt"/>
        <line num="12" count="2" type="stmt"/>
        <line num="13" count="350" type="stmt"/>
        <line num="14" count="350" type="stmt"/>
        <line num="15" count="350" type="stmt"/>
        <line num="16" count="350" type="stmt"/>
        <line num="19" count="350" type="stmt"/>
        <line num="20" count="350" type="stmt"/>
        <line num="22" count="350" type="stmt"/>
        <line num="23" count="350" type="stmt"/>
        <line num="24" count="350" type="stmt"/>
        <line num="27" count="350" type="stmt"/>
        <line num="28" count="13" type="stmt"/>
        <line num="29" count="13" type="stmt"/>
        <line num="30" count="13" type="stmt"/>
        <line num="31" count="13" type="stmt"/>
        <line num="32" count="13" type="stmt"/>
        <line num="36" count="350" type="stmt"/>
        <line num="38" count="329" type="stmt"/>
        <line num="41" count="329" type="stmt"/>
        <line num="42" count="0" type="cond" truecount="0" falsecount="3"/>
        <line num="44" count="0" type="stmt"/>
        <line num="55" count="329" type="stmt"/>
        <line num="56" count="329" type="stmt"/>
        <line num="61" count="350" type="stmt"/>
        <line num="62" count="330" type="stmt"/>
        <line num="63" count="330" type="stmt"/>
        <line num="64" count="330" type="stmt"/>
        <line num="65" count="330" type="stmt"/>
        <line num="66" count="330" type="cond" truecount="0" falsecount="1"/>
        <line num="67" count="0" type="stmt"/>
        <line num="69" count="330" type="stmt"/>
        <line num="70" count="330" type="stmt"/>
        <line num="72" count="0" type="stmt"/>
        <line num="73" count="0" type="stmt"/>
        <line num="74" count="0" type="stmt"/>
        <line num="82" count="330" type="stmt"/>
        <line num="87" count="350" type="stmt"/>
        <line num="88" count="329" type="stmt"/>
        <line num="92" count="350" type="stmt"/>
        <line num="94" count="3" type="cond" truecount="1" falsecount="0"/>
        <line num="95" count="2" type="stmt"/>
        <line num="102" count="2" type="stmt"/>
        <line num="105" count="1" type="cond" truecount="1" falsecount="0"/>
        <line num="106" count="1" type="stmt"/>
        <line num="113" count="1" type="stmt"/>
        <line num="116" count="0" type="stmt"/>
        <line num="117" count="0" type="stmt"/>
        <line num="118" count="0" type="stmt"/>
        <line num="126" count="0" type="cond" truecount="0" falsecount="1"/>
        <line num="127" count="0" type="stmt"/>
        <line num="131" count="0" type="stmt"/>
        <line num="132" count="0" type="stmt"/>
        <line num="133" count="0" type="stmt"/>
        <line num="135" count="0" type="stmt"/>
        <line num="143" count="0" type="stmt"/>
        <line num="144" count="0" type="stmt"/>
        <line num="152" count="0" type="stmt"/>
        <line num="157" count="350" type="stmt"/>
        <line num="158" count="1" type="stmt"/>
        <line num="159" count="1" type="stmt"/>
        <line num="160" count="1" type="stmt"/>
        <line num="164" count="1" type="cond" truecount="0" falsecount="1"/>
        <line num="165" count="0" type="stmt"/>
        <line num="169" count="1" type="stmt"/>
        <line num="171" count="1" type="stmt"/>
        <line num="179" count="0" type="stmt"/>
        <line num="180" count="0" type="stmt"/>
        <line num="188" count="1" type="stmt"/>
        <line num="192" count="350" type="stmt"/>
        <line num="220" count="1" type="stmt"/>
        <line num="231" count="0" type="stmt"/>
        <line num="277" count="632" type="stmt"/>
        <line num="287" count="1" type="stmt"/>
      </file>
      <file name="SettingsPanel.tsx" path="/Users/tmys-sasaki/Projects/Private/KanshiChan/frontend/src/components/SettingsPanel.tsx">
        <metrics statements="41" coveredstatements="36" conditionals="0" coveredconditionals="0" methods="22" coveredmethods="18"/>
        <line num="1" count="2" type="stmt"/>
        <line num="24" count="2" type="stmt"/>
        <line num="25" count="2" type="stmt"/>
        <line num="47" count="2" type="stmt"/>
        <line num="48" count="52" type="stmt"/>
        <line num="55" count="51" type="stmt"/>
        <line num="57" count="51" type="stmt"/>
        <line num="58" count="21" type="stmt"/>
        <line num="59" count="21" type="stmt"/>
        <line num="60" count="20" type="stmt"/>
        <line num="68" count="1" type="stmt"/>
        <line num="69" count="1" type="stmt"/>
        <line num="79" count="51" type="stmt"/>
        <line num="80" count="21" type="stmt"/>
        <line num="83" count="51" type="stmt"/>
        <line num="84" count="2" type="stmt"/>
        <line num="85" count="2" type="stmt"/>
        <line num="92" count="1" type="stmt"/>
        <line num="100" count="1" type="stmt"/>
        <line num="101" count="1" type="stmt"/>
        <line num="111" count="51" type="stmt"/>
        <line num="112" count="9" type="stmt"/>
        <line num="118" count="51" type="stmt"/>
        <line num="119" count="4" type="stmt"/>
        <line num="128" count="51" type="stmt"/>
        <line num="129" count="0" type="stmt"/>
        <line num="139" count="0" type="stmt"/>
        <line num="142" count="51" type="stmt"/>
        <line num="147" count="4" type="stmt"/>
        <line num="157" count="4" type="stmt"/>
        <line num="160" count="51" type="stmt"/>
        <line num="170" count="7" type="stmt"/>
        <line num="185" count="2" type="stmt"/>
        <line num="203" count="52" type="stmt"/>
        <line num="208" count="4" type="stmt"/>
        <line num="231" count="78" type="stmt"/>
        <line num="236" count="0" type="stmt"/>
        <line num="262" count="52" type="stmt"/>
        <line num="267" count="0" type="stmt"/>
        <line num="273" count="4" type="stmt"/>
        <line num="289" count="0" type="stmt"/>
      </file>
    </package>
    <package name="src.utils">
      <metrics statements="46" coveredstatements="33" conditionals="3" coveredconditionals="2" methods="29" coveredmethods="15"/>
      <file name="websocket.ts" path="/Users/tmys-sasaki/Projects/Private/KanshiChan/frontend/src/utils/websocket.ts">
        <metrics statements="46" coveredstatements="33" conditionals="3" coveredconditionals="2" methods="29" coveredmethods="15"/>
        <line num="1" count="3" type="stmt"/>
        <line num="24" count="3" type="stmt"/>
        <line num="25" count="3" type="stmt"/>
        <line num="26" count="3" type="stmt"/>
        <line num="27" count="3" type="stmt"/>
        <line num="28" count="3" type="stmt"/>
        <line num="29" count="3" type="stmt"/>
        <line num="37" count="3" type="cond" truecount="1" falsecount="0"/>
        <line num="38" count="3" type="stmt"/>
        <line num="40" count="3" type="stmt"/>
        <line num="45" count="6" type="cond" truecount="0" falsecount="1"/>
        <line num="46" count="0" type="stmt"/>
        <line num="50" count="6" type="stmt"/>
        <line num="58" count="6" type="stmt"/>
        <line num="59" count="0" type="stmt"/>
        <line num="60" count="0" type="stmt"/>
        <line num="63" count="6" type="stmt"/>
        <line num="64" count="0" type="stmt"/>
        <line num="65" count="0" type="stmt"/>
        <line num="68" count="6" type="stmt"/>
        <line num="69" count="1" type="stmt"/>
        <line num="70" count="1" type="stmt"/>
        <line num="73" count="6" type="stmt"/>
        <line num="74" count="3" type="stmt"/>
        <line num="77" count="6" type="stmt"/>
        <line num="78" count="1" type="stmt"/>
        <line num="79" count="1" type="stmt"/>
        <line num="85" count="8" type="cond" truecount="1" falsecount="0"/>
        <line num="86" count="6" type="stmt"/>
        <line num="87" count="6" type="stmt"/>
        <line num="93" count="0" type="stmt"/>
        <line num="94" count="0" type="stmt"/>
        <line num="95" count="0" type="stmt"/>
        <line num="100" count="0" type="stmt"/>
        <line num="101" count="0" type="stmt"/>
        <line num="102" count="0" type="stmt"/>
        <line num="107" count="1" type="stmt"/>
        <line num="108" count="1" type="stmt"/>
        <line num="109" count="0" type="stmt"/>
        <line num="114" count="3" type="stmt"/>
        <line num="115" count="3" type="stmt"/>
        <line num="116" count="2" type="stmt"/>
        <line num="121" count="1" type="stmt"/>
        <line num="122" count="1" type="stmt"/>
        <line num="123" count="0" type="stmt"/>
        <line num="129" count="3" type="stmt"/>
      </file>
    </package>
  </project>
</coverage>
