{"/Users/tmys-sasaki/Projects/Private/KanshiChan/frontend/src/App.tsx": {"path":"/Users/tmys-sasaki/Projects/Private/KanshiChan/frontend/src/App.tsx","statementMap":{"0":{"start":{"line":1,"column":0},"end":{"line":1,"column":85}},"1":{"start":{"line":2,"column":0},"end":{"line":2,"column":54}},"2":{"start":{"line":3,"column":0},"end":{"line":3,"column":58}},"3":{"start":{"line":4,"column":0},"end":{"line":4,"column":56}},"4":{"start":{"line":7,"column":2},"end":{"line":28,"column":null}},"5":{"start":{"line":31,"column":0},"end":{"line":31,"column":null}}},"fnMap":{"0":{"name":"App","decl":{"start":{"line":6,"column":9},"end":{"line":6,"column":12}},"loc":{"start":{"line":6,"column":12},"end":{"line":29,"column":1}}}},"branchMap":{},"s":{"0":1,"1":1,"2":1,"3":1,"4":9,"5":1},"f":{"0":9},"b":{}}
,"/Users/tmys-sasaki/Projects/Private/KanshiChan/frontend/src/components/MonitorView.tsx": {"path":"/Users/tmys-sasaki/Projects/Private/KanshiChan/frontend/src/components/MonitorView.tsx","statementMap":{"0":{"start":{"line":1,"column":0},"end":{"line":1,"column":90}},"1":{"start":{"line":2,"column":0},"end":{"line":2,"column":52}},"2":{"start":{"line":3,"column":0},"end":{"line":3,"column":54}},"3":{"start":{"line":4,"column":0},"end":{"line":4,"column":71}},"4":{"start":{"line":6,"column":27},"end":{"line":151,"column":1}},"5":{"start":{"line":7,"column":19},"end":{"line":7,"column":49}},"6":{"start":{"line":8,"column":23},"end":{"line":8,"column":51}},"7":{"start":{"line":9,"column":42},"end":{"line":9,"column":57}},"8":{"start":{"line":10,"column":16},"end":{"line":10,"column":26}},"9":{"start":{"line":11,"column":30},"end":{"line":16,"column":4}},"10":{"start":{"line":18,"column":2},"end":{"line":45,"column":14}},"11":{"start":{"line":20,"column":4},"end":{"line":20,"column":34}},"12":{"start":{"line":23,"column":29},"end":{"line":31,"column":6}},"13":{"start":{"line":24,"column":6},"end":{"line":30,"column":9}},"14":{"start":{"line":34,"column":30},"end":{"line":38,"column":6}},"15":{"start":{"line":35,"column":6},"end":{"line":37,"column":7}},"16":{"start":{"line":36,"column":8},"end":{"line":36,"column":29}},"17":{"start":{"line":41,"column":4},"end":{"line":44,"column":6}},"18":{"start":{"line":42,"column":6},"end":{"line":42,"column":25}},"19":{"start":{"line":43,"column":6},"end":{"line":43,"column":26}},"20":{"start":{"line":47,"column":2},"end":{"line":53,"column":9}},"21":{"start":{"line":48,"column":4},"end":{"line":52,"column":5}},"22":{"start":{"line":51,"column":6},"end":{"line":51,"column":68}},"23":{"start":{"line":55,"column":27},"end":{"line":74,"column":4}},"24":{"start":{"line":55,"column":38},"end":{"line":74,"column":4}},"25":{"start":{"line":56,"column":4},"end":{"line":73,"column":5}},"26":{"start":{"line":57,"column":6},"end":{"line":63,"column":7}},"27":{"start":{"line":58,"column":8},"end":{"line":58,"column":56}},"28":{"start":{"line":59,"column":8},"end":{"line":59,"column":30}},"29":{"start":{"line":61,"column":8},"end":{"line":61,"column":40}},"30":{"start":{"line":62,"column":8},"end":{"line":62,"column":31}},"31":{"start":{"line":65,"column":6},"end":{"line":65,"column":35}},"32":{"start":{"line":66,"column":6},"end":{"line":72,"column":9}},"33":{"start":{"line":76,"column":2},"end":{"line":85,"column":9}},"34":{"start":{"line":77,"column":35},"end":{"line":79,"column":5}},"35":{"start":{"line":78,"column":6},"end":{"line":78,"column":52}},"36":{"start":{"line":81,"column":4},"end":{"line":81,"column":74}},"37":{"start":{"line":82,"column":4},"end":{"line":84,"column":6}},"38":{"start":{"line":83,"column":6},"end":{"line":83,"column":79}},"39":{"start":{"line":87,"column":2},"end":{"line":150,"column":4}},"40":{"start":{"line":6,"column":13},"end":{"line":6,"column":27}}},"fnMap":{"0":{"name":"(anonymous_7)","decl":{"start":{"line":6,"column":27},"end":{"line":6,"column":30}},"loc":{"start":{"line":6,"column":32},"end":{"line":151,"column":1}}},"1":{"name":"(anonymous_8)","decl":{"start":{"line":18,"column":12},"end":{"line":18,"column":15}},"loc":{"start":{"line":18,"column":17},"end":{"line":45,"column":3}}},"2":{"name":"(anonymous_9)","decl":{"start":{"line":23,"column":54},"end":{"line":23,"column":57}},"loc":{"start":{"line":23,"column":59},"end":{"line":31,"column":5}}},"3":{"name":"(anonymous_10)","decl":{"start":{"line":34,"column":62},"end":{"line":34,"column":63}},"loc":{"start":{"line":34,"column":76},"end":{"line":38,"column":5}}},"4":{"name":"(anonymous_11)","decl":{"start":{"line":41,"column":11},"end":{"line":41,"column":14}},"loc":{"start":{"line":41,"column":16},"end":{"line":44,"column":5}}},"5":{"name":"(anonymous_12)","decl":{"start":{"line":47,"column":12},"end":{"line":47,"column":15}},"loc":{"start":{"line":47,"column":17},"end":{"line":53,"column":3}}},"6":{"name":"(anonymous_13)","decl":{"start":{"line":55,"column":27},"end":{"line":55,"column":36}},"loc":{"start":{"line":55,"column":38},"end":{"line":74,"column":4}}},"7":{"name":"(anonymous_14)","decl":{"start":{"line":55,"column":38},"end":{"line":55,"column":null}},"loc":{"start":{"line":55,"column":38},"end":{"line":74,"column":3}}},"8":{"name":"(anonymous_15)","decl":{"start":{"line":76,"column":12},"end":{"line":76,"column":15}},"loc":{"start":{"line":76,"column":17},"end":{"line":85,"column":3}}},"9":{"name":"(anonymous_16)","decl":{"start":{"line":77,"column":35},"end":{"line":77,"column":38}},"loc":{"start":{"line":77,"column":40},"end":{"line":79,"column":5}}},"10":{"name":"(anonymous_17)","decl":{"start":{"line":82,"column":11},"end":{"line":82,"column":14}},"loc":{"start":{"line":82,"column":16},"end":{"line":84,"column":5}}}},"branchMap":{"0":{"loc":{"start":{"line":35,"column":6},"end":{"line":37,"column":7}},"type":"if","locations":[{"start":{"line":35,"column":6},"end":{"line":37,"column":7}}]},"1":{"loc":{"start":{"line":48,"column":4},"end":{"line":52,"column":5}},"type":"if","locations":[{"start":{"line":48,"column":4},"end":{"line":52,"column":5}}]},"2":{"loc":{"start":{"line":57,"column":6},"end":{"line":63,"column":7}},"type":"if","locations":[{"start":{"line":57,"column":6},"end":{"line":63,"column":7}},{"start":{"line":60,"column":13},"end":{"line":63,"column":7}}]},"3":{"loc":{"start":{"line":58,"column":14},"end":{"line":58,"column":55}},"type":"cond-expr","locations":[{"start":{"line":58,"column":34},"end":{"line":58,"column":36}},{"start":{"line":58,"column":34},"end":{"line":58,"column":55}}]},"4":{"loc":{"start":{"line":58,"column":14},"end":{"line":58,"column":36}},"type":"binary-expr","locations":[{"start":{"line":58,"column":14},"end":{"line":58,"column":36}},{"start":{"line":58,"column":34},"end":{"line":58,"column":36}}]},"5":{"loc":{"start":{"line":92,"column":14},"end":{"line":92,"column":60}},"type":"cond-expr","locations":[{"start":{"line":92,"column":29},"end":{"line":92,"column":36}},{"start":{"line":92,"column":39},"end":{"line":92,"column":60}}]},"6":{"loc":{"start":{"line":119,"column":32},"end":{"line":119,"column":71}},"type":"cond-expr","locations":[{"start":{"line":119,"column":56},"end":{"line":119,"column":63}},{"start":{"line":119,"column":66},"end":{"line":119,"column":71}}]},"7":{"loc":{"start":{"line":120,"column":15},"end":{"line":120,"column":51}},"type":"cond-expr","locations":[{"start":{"line":120,"column":39},"end":{"line":120,"column":44}},{"start":{"line":120,"column":47},"end":{"line":120,"column":51}}]},"8":{"loc":{"start":{"line":123,"column":11},"end":{"line":124,"column":null}},"type":"binary-expr","locations":[{"start":{"line":123,"column":11},"end":{"line":123,"column":33}},{"start":{"line":124,"column":12},"end":{"line":124,"column":64}}]},"9":{"loc":{"start":{"line":128,"column":32},"end":{"line":128,"column":75}},"type":"cond-expr","locations":[{"start":{"line":128,"column":60},"end":{"line":128,"column":65}},{"start":{"line":128,"column":68},"end":{"line":128,"column":75}}]},"10":{"loc":{"start":{"line":129,"column":15},"end":{"line":129,"column":56}},"type":"cond-expr","locations":[{"start":{"line":129,"column":43},"end":{"line":129,"column":48}},{"start":{"line":129,"column":51},"end":{"line":129,"column":56}}]},"11":{"loc":{"start":{"line":132,"column":11},"end":{"line":133,"column":null}},"type":"binary-expr","locations":[{"start":{"line":132,"column":11},"end":{"line":132,"column":36}},{"start":{"line":133,"column":12},"end":{"line":133,"column":70}}]},"12":{"loc":{"start":{"line":141,"column":14},"end":{"line":141,"column":58}},"type":"cond-expr","locations":[{"start":{"line":141,"column":29},"end":{"line":141,"column":43}},{"start":{"line":141,"column":46},"end":{"line":141,"column":58}}]}},"s":{"0":2,"1":2,"2":2,"3":2,"4":2,"5":24,"6":24,"7":24,"8":24,"9":24,"10":24,"11":19,"12":19,"13":1,"14":19,"15":1,"16":1,"17":19,"18":19,"19":19,"20":24,"21":19,"22":19,"23":24,"24":3,"25":3,"26":3,"27":2,"28":2,"29":1,"30":1,"31":0,"32":0,"33":24,"34":19,"35":2,"36":19,"37":19,"38":19,"39":24,"40":2},"f":{"0":24,"1":19,"2":1,"3":1,"4":19,"5":19,"6":3,"7":3,"8":19,"9":2,"10":19},"b":{"0":[1],"1":[19],"2":[2,1],"3":[0,2],"4":[2,2],"5":[3,21],"6":[1,23],"7":[1,23],"8":[24,23],"9":[1,23],"10":[1,23],"11":[24,1],"12":[3,21]}}
,"/Users/tmys-sasaki/Projects/Private/KanshiChan/frontend/src/components/ScheduleView.tsx": {"path":"/Users/tmys-sasaki/Projects/Private/KanshiChan/frontend/src/components/ScheduleView.tsx","statementMap":{"0":{"start":{"line":1,"column":0},"end":{"line":1,"column":191}},"1":{"start":{"line":2,"column":0},"end":{"line":2,"column":45}},"2":{"start":{"line":3,"column":0},"end":{"line":3,"column":56}},"3":{"start":{"line":4,"column":0},"end":{"line":4,"column":68}},"4":{"start":{"line":12,"column":38},"end":{"line":299,"column":1}},"5":{"start":{"line":13,"column":40},"end":{"line":13,"column":60}},"6":{"start":{"line":14,"column":36},"end":{"line":14,"column":60}},"7":{"start":{"line":15,"column":36},"end":{"line":15,"column":60}},"8":{"start":{"line":16,"column":28},"end":{"line":16,"column":57}},"9":{"start":{"line":19,"column":26},"end":{"line":19,"column":46}},"10":{"start":{"line":20,"column":32},"end":{"line":20,"column":52}},"11":{"start":{"line":22,"column":16},"end":{"line":22,"column":26}},"12":{"start":{"line":23,"column":18},"end":{"line":23,"column":56}},"13":{"start":{"line":24,"column":22},"end":{"line":24,"column":63}},"14":{"start":{"line":27,"column":2},"end":{"line":33,"column":null}},"15":{"start":{"line":28,"column":17},"end":{"line":28,"column":27}},"16":{"start":{"line":29,"column":17},"end":{"line":29,"column":35}},"17":{"start":{"line":30,"column":18},"end":{"line":30,"column":62}},"18":{"start":{"line":31,"column":16},"end":{"line":31,"column":55}},"19":{"start":{"line":32,"column":4},"end":{"line":32,"column":null}},"20":{"start":{"line":36,"column":2},"end":{"line":58,"column":null}},"21":{"start":{"line":38,"column":4},"end":{"line":38,"column":null}},"22":{"start":{"line":41,"column":24},"end":{"line":53,"column":6}},"23":{"start":{"line":42,"column":6},"end":{"line":52,"column":7}},"24":{"start":{"line":44,"column":8},"end":{"line":51,"column":null}},"25":{"start":{"line":55,"column":4},"end":{"line":57,"column":null}},"26":{"start":{"line":56,"column":6},"end":{"line":56,"column":null}},"27":{"start":{"line":61,"column":25},"end":{"line":84,"column":13}},"28":{"start":{"line":61,"column":48},"end":{"line":84,"column":5}},"29":{"start":{"line":62,"column":4},"end":{"line":62,"column":null}},"30":{"start":{"line":63,"column":4},"end":{"line":63,"column":null}},"31":{"start":{"line":64,"column":4},"end":{"line":83,"column":5}},"32":{"start":{"line":65,"column":23},"end":{"line":65,"column":52}},"33":{"start":{"line":66,"column":6},"end":{"line":68,"column":7}},"34":{"start":{"line":67,"column":8},"end":{"line":67,"column":null}},"35":{"start":{"line":69,"column":19},"end":{"line":69,"column":40}},"36":{"start":{"line":70,"column":6},"end":{"line":70,"column":null}},"37":{"start":{"line":72,"column":6},"end":{"line":72,"column":null}},"38":{"start":{"line":73,"column":6},"end":{"line":73,"column":null}},"39":{"start":{"line":74,"column":6},"end":{"line":80,"column":null}},"40":{"start":{"line":82,"column":6},"end":{"line":82,"column":null}},"41":{"start":{"line":87,"column":2},"end":{"line":89,"column":null}},"42":{"start":{"line":88,"column":4},"end":{"line":88,"column":null}},"43":{"start":{"line":92,"column":22},"end":{"line":154,"column":null}},"44":{"start":{"line":92,"column":33},"end":{"line":154,"column":null}},"45":{"start":{"line":94,"column":4},"end":{"line":103,"column":5}},"46":{"start":{"line":95,"column":6},"end":{"line":101,"column":null}},"47":{"start":{"line":102,"column":6},"end":{"line":102,"column":12}},"48":{"start":{"line":105,"column":4},"end":{"line":114,"column":5}},"49":{"start":{"line":106,"column":6},"end":{"line":112,"column":null}},"50":{"start":{"line":113,"column":6},"end":{"line":113,"column":12}},"51":{"start":{"line":116,"column":4},"end":{"line":116,"column":null}},"52":{"start":{"line":117,"column":4},"end":{"line":153,"column":5}},"53":{"start":{"line":118,"column":23},"end":{"line":124,"column":8}},"54":{"start":{"line":126,"column":6},"end":{"line":128,"column":7}},"55":{"start":{"line":127,"column":8},"end":{"line":127,"column":null}},"56":{"start":{"line":131,"column":6},"end":{"line":131,"column":null}},"57":{"start":{"line":132,"column":6},"end":{"line":132,"column":null}},"58":{"start":{"line":133,"column":6},"end":{"line":133,"column":null}},"59":{"start":{"line":135,"column":6},"end":{"line":141,"column":null}},"60":{"start":{"line":143,"column":6},"end":{"line":143,"column":null}},"61":{"start":{"line":144,"column":6},"end":{"line":150,"column":null}},"62":{"start":{"line":152,"column":6},"end":{"line":152,"column":null}},"63":{"start":{"line":157,"column":25},"end":{"line":190,"column":null}},"64":{"start":{"line":157,"column":46},"end":{"line":190,"column":null}},"65":{"start":{"line":158,"column":4},"end":{"line":158,"column":null}},"66":{"start":{"line":159,"column":4},"end":{"line":189,"column":5}},"67":{"start":{"line":160,"column":23},"end":{"line":162,"column":8}},"68":{"start":{"line":164,"column":6},"end":{"line":166,"column":7}},"69":{"start":{"line":165,"column":8},"end":{"line":165,"column":null}},"70":{"start":{"line":169,"column":6},"end":{"line":169,"column":null}},"71":{"start":{"line":171,"column":6},"end":{"line":177,"column":null}},"72":{"start":{"line":179,"column":6},"end":{"line":179,"column":null}},"73":{"start":{"line":180,"column":6},"end":{"line":186,"column":null}},"74":{"start":{"line":188,"column":6},"end":{"line":188,"column":null}},"75":{"start":{"line":192,"column":2},"end":{"line":298,"column":null}},"76":{"start":{"line":220,"column":33},"end":{"line":220,"column":56}},"77":{"start":{"line":231,"column":33},"end":{"line":231,"column":59}},"78":{"start":{"line":277,"column":16},"end":{"line":277,"column":null}},"79":{"start":{"line":287,"column":37},"end":{"line":287,"column":64}},"80":{"start":{"line":12,"column":13},"end":{"line":12,"column":38}}},"fnMap":{"0":{"name":"(anonymous_7)","decl":{"start":{"line":12,"column":38},"end":{"line":12,"column":41}},"loc":{"start":{"line":12,"column":43},"end":{"line":299,"column":1}}},"1":{"name":"(anonymous_8)","decl":{"start":{"line":27,"column":12},"end":{"line":27,"column":15}},"loc":{"start":{"line":27,"column":17},"end":{"line":33,"column":3}}},"2":{"name":"(anonymous_9)","decl":{"start":{"line":36,"column":12},"end":{"line":36,"column":15}},"loc":{"start":{"line":36,"column":17},"end":{"line":58,"column":3}}},"3":{"name":"(anonymous_10)","decl":{"start":{"line":41,"column":57},"end":{"line":41,"column":58}},"loc":{"start":{"line":41,"column":82},"end":{"line":53,"column":5}}},"4":{"name":"(anonymous_11)","decl":{"start":{"line":55,"column":11},"end":{"line":55,"column":14}},"loc":{"start":{"line":55,"column":16},"end":{"line":57,"column":5}}},"5":{"name":"(anonymous_12)","decl":{"start":{"line":61,"column":37},"end":{"line":61,"column":46}},"loc":{"start":{"line":61,"column":48},"end":{"line":84,"column":5}}},"6":{"name":"(anonymous_13)","decl":{"start":{"line":61,"column":48},"end":{"line":61,"column":null}},"loc":{"start":{"line":61,"column":48},"end":{"line":84,"column":3}}},"7":{"name":"(anonymous_14)","decl":{"start":{"line":87,"column":12},"end":{"line":87,"column":15}},"loc":{"start":{"line":87,"column":17},"end":{"line":89,"column":3}}},"8":{"name":"(anonymous_15)","decl":{"start":{"line":92,"column":22},"end":{"line":92,"column":31}},"loc":{"start":{"line":92,"column":33},"end":{"line":154,"column":null}}},"9":{"name":"(anonymous_16)","decl":{"start":{"line":92,"column":33},"end":{"line":92,"column":null}},"loc":{"start":{"line":92,"column":33},"end":{"line":154,"column":3}}},"10":{"name":"(anonymous_17)","decl":{"start":{"line":157,"column":25},"end":{"line":157,"column":32}},"loc":{"start":{"line":157,"column":46},"end":{"line":190,"column":null}}},"11":{"name":"(anonymous_18)","decl":{"start":{"line":157,"column":46},"end":{"line":157,"column":null}},"loc":{"start":{"line":157,"column":46},"end":{"line":190,"column":3}}},"12":{"name":"(anonymous_19)","decl":{"start":{"line":220,"column":26},"end":{"line":220,"column":27}},"loc":{"start":{"line":220,"column":33},"end":{"line":220,"column":56}}},"13":{"name":"(anonymous_20)","decl":{"start":{"line":231,"column":26},"end":{"line":231,"column":27}},"loc":{"start":{"line":231,"column":33},"end":{"line":231,"column":59}}},"14":{"name":"(anonymous_21)","decl":{"start":{"line":276,"column":29},"end":{"line":276,"column":30}},"loc":{"start":{"line":277,"column":16},"end":{"line":277,"column":null}}},"15":{"name":"(anonymous_22)","decl":{"start":{"line":287,"column":31},"end":{"line":287,"column":34}},"loc":{"start":{"line":287,"column":37},"end":{"line":287,"column":64}}}},"branchMap":{"0":{"loc":{"start":{"line":42,"column":6},"end":{"line":52,"column":7}},"type":"if","locations":[{"start":{"line":42,"column":6},"end":{"line":52,"column":7}}]},"1":{"loc":{"start":{"line":42,"column":10},"end":{"line":42,"column":30}},"type":"binary-expr","locations":[{"start":{"line":42,"column":10},"end":{"line":42,"column":14}},{"start":{"line":42,"column":18},"end":{"line":42,"column":30}}]},"2":{"loc":{"start":{"line":66,"column":6},"end":{"line":68,"column":7}},"type":"if","locations":[{"start":{"line":66,"column":6},"end":{"line":68,"column":7}}]},"3":{"loc":{"start":{"line":94,"column":4},"end":{"line":103,"column":5}},"type":"if","locations":[{"start":{"line":94,"column":4},"end":{"line":103,"column":5}}]},"4":{"loc":{"start":{"line":105,"column":4},"end":{"line":114,"column":5}},"type":"if","locations":[{"start":{"line":105,"column":4},"end":{"line":114,"column":5}}]},"5":{"loc":{"start":{"line":126,"column":6},"end":{"line":128,"column":7}},"type":"if","locations":[{"start":{"line":126,"column":6},"end":{"line":128,"column":7}}]},"6":{"loc":{"start":{"line":164,"column":6},"end":{"line":166,"column":7}},"type":"if","locations":[{"start":{"line":164,"column":6},"end":{"line":166,"column":7}}]},"7":{"loc":{"start":{"line":202,"column":9},"end":{"line":202,"column":57}},"type":"cond-expr","locations":[{"start":{"line":202,"column":23},"end":{"line":202,"column":46}},{"start":{"line":202,"column":49},"end":{"line":202,"column":57}}]},"8":{"loc":{"start":{"line":256,"column":9},"end":{"line":259,"column":null}},"type":"binary-expr","locations":[{"start":{"line":256,"column":9},"end":{"line":256,"column":14}},{"start":{"line":257,"column":10},"end":{"line":258,"column":null}}]},"9":{"loc":{"start":{"line":262,"column":9},"end":{"line":294,"column":null}},"type":"cond-expr","locations":[{"start":{"line":263,"column":10},"end":{"line":263,"column":null}},{"start":{"line":267,"column":10},"end":{"line":293,"column":null}}]}},"s":{"0":2,"1":2,"2":2,"3":2,"4":2,"5":350,"6":350,"7":350,"8":350,"9":350,"10":350,"11":350,"12":350,"13":350,"14":350,"15":13,"16":13,"17":13,"18":13,"19":13,"20":350,"21":329,"22":329,"23":0,"24":0,"25":329,"26":329,"27":350,"28":330,"29":330,"30":330,"31":330,"32":330,"33":330,"34":0,"35":330,"36":330,"37":0,"38":0,"39":0,"40":330,"41":350,"42":329,"43":350,"44":3,"45":3,"46":2,"47":2,"48":1,"49":1,"50":1,"51":0,"52":0,"53":0,"54":0,"55":0,"56":0,"57":0,"58":0,"59":0,"60":0,"61":0,"62":0,"63":350,"64":1,"65":1,"66":1,"67":1,"68":1,"69":0,"70":1,"71":1,"72":0,"73":0,"74":1,"75":350,"76":1,"77":0,"78":632,"79":1,"80":2},"f":{"0":350,"1":13,"2":329,"3":0,"4":329,"5":330,"6":330,"7":329,"8":3,"9":3,"10":1,"11":1,"12":1,"13":0,"14":632,"15":1},"b":{"0":[0],"1":[0,0],"2":[0],"3":[2],"4":[1],"5":[0],"6":[0],"7":[337,13],"8":[350,0],"9":[34,316]}}
,"/Users/tmys-sasaki/Projects/Private/KanshiChan/frontend/src/components/SettingsPanel.tsx": {"path":"/Users/tmys-sasaki/Projects/Private/KanshiChan/frontend/src/components/SettingsPanel.tsx","statementMap":{"0":{"start":{"line":1,"column":0},"end":{"line":1,"column":null}},"1":{"start":{"line":24,"column":0},"end":{"line":24,"column":57}},"2":{"start":{"line":25,"column":0},"end":{"line":25,"column":26}},"3":{"start":{"line":47,"column":29},"end":{"line":311,"column":1}},"4":{"start":{"line":48,"column":34},"end":{"line":54,"column":4}},"5":{"start":{"line":55,"column":16},"end":{"line":55,"column":26}},"6":{"start":{"line":57,"column":24},"end":{"line":77,"column":13}},"7":{"start":{"line":57,"column":47},"end":{"line":77,"column":5}},"8":{"start":{"line":58,"column":4},"end":{"line":76,"column":5}},"9":{"start":{"line":59,"column":23},"end":{"line":59,"column":55}},"10":{"start":{"line":60,"column":6},"end":{"line":66,"column":9}},"11":{"start":{"line":68,"column":6},"end":{"line":68,"column":50}},"12":{"start":{"line":69,"column":6},"end":{"line":75,"column":9}},"13":{"start":{"line":79,"column":2},"end":{"line":81,"column":22}},"14":{"start":{"line":80,"column":4},"end":{"line":80,"column":20}},"15":{"start":{"line":83,"column":21},"end":{"line":109,"column":4}},"16":{"start":{"line":83,"column":32},"end":{"line":109,"column":4}},"17":{"start":{"line":84,"column":4},"end":{"line":108,"column":5}},"18":{"start":{"line":85,"column":6},"end":{"line":91,"column":9}},"19":{"start":{"line":92,"column":6},"end":{"line":98,"column":9}},"20":{"start":{"line":100,"column":6},"end":{"line":100,"column":49}},"21":{"start":{"line":101,"column":6},"end":{"line":107,"column":9}},"22":{"start":{"line":111,"column":32},"end":{"line":116,"column":3}},"23":{"start":{"line":112,"column":4},"end":{"line":115,"column":8}},"24":{"start":{"line":112,"column":24},"end":{"line":114,"column":null}},"25":{"start":{"line":118,"column":39},"end":{"line":126,"column":3}},"26":{"start":{"line":119,"column":4},"end":{"line":125,"column":8}},"27":{"start":{"line":119,"column":24},"end":{"line":123,"column":null}},"28":{"start":{"line":128,"column":31},"end":{"line":140,"column":3}},"29":{"start":{"line":129,"column":21},"end":{"line":135,"column":null}},"30":{"start":{"line":139,"column":4},"end":{"line":139,"column":29}},"31":{"start":{"line":142,"column":36},"end":{"line":158,"column":3}},"32":{"start":{"line":147,"column":21},"end":{"line":153,"column":null}},"33":{"start":{"line":157,"column":4},"end":{"line":157,"column":29}},"34":{"start":{"line":160,"column":2},"end":{"line":310,"column":4}},"35":{"start":{"line":170,"column":36},"end":{"line":170,"column":85}},"36":{"start":{"line":185,"column":36},"end":{"line":185,"column":88}},"37":{"start":{"line":203,"column":10},"end":{"line":203,"column":null}},"38":{"start":{"line":208,"column":38},"end":{"line":208,"column":82}},"39":{"start":{"line":231,"column":14},"end":{"line":231,"column":null}},"40":{"start":{"line":236,"column":36},"end":{"line":236,"column":61}},"41":{"start":{"line":262,"column":14},"end":{"line":262,"column":null}},"42":{"start":{"line":267,"column":36},"end":{"line":267,"column":93}},"43":{"start":{"line":273,"column":42},"end":{"line":273,"column":101}},"44":{"start":{"line":289,"column":42},"end":{"line":289,"column":96}},"45":{"start":{"line":47,"column":13},"end":{"line":47,"column":29}}},"fnMap":{"0":{"name":"(anonymous_8)","decl":{"start":{"line":47,"column":29},"end":{"line":47,"column":32}},"loc":{"start":{"line":47,"column":34},"end":{"line":311,"column":1}}},"1":{"name":"(anonymous_9)","decl":{"start":{"line":57,"column":36},"end":{"line":57,"column":45}},"loc":{"start":{"line":57,"column":47},"end":{"line":77,"column":5}}},"2":{"name":"(anonymous_10)","decl":{"start":{"line":57,"column":47},"end":{"line":57,"column":null}},"loc":{"start":{"line":57,"column":47},"end":{"line":77,"column":3}}},"3":{"name":"(anonymous_11)","decl":{"start":{"line":79,"column":12},"end":{"line":79,"column":15}},"loc":{"start":{"line":79,"column":17},"end":{"line":81,"column":3}}},"4":{"name":"(anonymous_12)","decl":{"start":{"line":83,"column":21},"end":{"line":83,"column":30}},"loc":{"start":{"line":83,"column":32},"end":{"line":109,"column":4}}},"5":{"name":"(anonymous_13)","decl":{"start":{"line":83,"column":32},"end":{"line":83,"column":null}},"loc":{"start":{"line":83,"column":32},"end":{"line":109,"column":3}}},"6":{"name":"(anonymous_14)","decl":{"start":{"line":111,"column":32},"end":{"line":111,"column":33}},"loc":{"start":{"line":111,"column":65},"end":{"line":116,"column":3}}},"7":{"name":"(anonymous_15)","decl":{"start":{"line":112,"column":16},"end":{"line":112,"column":20}},"loc":{"start":{"line":112,"column":24},"end":{"line":114,"column":null}}},"8":{"name":"(anonymous_16)","decl":{"start":{"line":118,"column":39},"end":{"line":118,"column":40}},"loc":{"start":{"line":118,"column":74},"end":{"line":126,"column":3}}},"9":{"name":"(anonymous_17)","decl":{"start":{"line":119,"column":16},"end":{"line":119,"column":20}},"loc":{"start":{"line":119,"column":24},"end":{"line":123,"column":null}}},"10":{"name":"(anonymous_18)","decl":{"start":{"line":128,"column":31},"end":{"line":128,"column":32}},"loc":{"start":{"line":128,"column":47},"end":{"line":140,"column":3}}},"11":{"name":"(anonymous_19)","decl":{"start":{"line":142,"column":36},"end":{"line":142,"column":null}},"loc":{"start":{"line":146,"column":6},"end":{"line":158,"column":3}}},"12":{"name":"(anonymous_20)","decl":{"start":{"line":170,"column":22},"end":{"line":170,"column":23}},"loc":{"start":{"line":170,"column":36},"end":{"line":170,"column":85}}},"13":{"name":"(anonymous_21)","decl":{"start":{"line":185,"column":22},"end":{"line":185,"column":23}},"loc":{"start":{"line":185,"column":36},"end":{"line":185,"column":88}}},"14":{"name":"(anonymous_22)","decl":{"start":{"line":202,"column":57},"end":{"line":202,"column":58}},"loc":{"start":{"line":203,"column":10},"end":{"line":203,"column":null}}},"15":{"name":"(anonymous_23)","decl":{"start":{"line":208,"column":24},"end":{"line":208,"column":25}},"loc":{"start":{"line":208,"column":38},"end":{"line":208,"column":82}}},"16":{"name":"(anonymous_24)","decl":{"start":{"line":230,"column":60},"end":{"line":230,"column":61}},"loc":{"start":{"line":231,"column":14},"end":{"line":231,"column":null}}},"17":{"name":"(anonymous_25)","decl":{"start":{"line":236,"column":30},"end":{"line":236,"column":33}},"loc":{"start":{"line":236,"column":36},"end":{"line":236,"column":61}}},"18":{"name":"(anonymous_26)","decl":{"start":{"line":261,"column":60},"end":{"line":261,"column":61}},"loc":{"start":{"line":262,"column":14},"end":{"line":262,"column":null}}},"19":{"name":"(anonymous_27)","decl":{"start":{"line":267,"column":30},"end":{"line":267,"column":33}},"loc":{"start":{"line":267,"column":36},"end":{"line":267,"column":93}}},"20":{"name":"(anonymous_28)","decl":{"start":{"line":273,"column":30},"end":{"line":273,"column":31}},"loc":{"start":{"line":273,"column":42},"end":{"line":273,"column":101}}},"21":{"name":"(anonymous_29)","decl":{"start":{"line":289,"column":30},"end":{"line":289,"column":31}},"loc":{"start":{"line":289,"column":42},"end":{"line":289,"column":96}}}},"branchMap":{},"s":{"0":2,"1":2,"2":2,"3":2,"4":52,"5":51,"6":51,"7":21,"8":21,"9":21,"10":20,"11":1,"12":1,"13":51,"14":21,"15":51,"16":2,"17":2,"18":2,"19":1,"20":1,"21":1,"22":51,"23":9,"24":9,"25":51,"26":4,"27":4,"28":51,"29":0,"30":0,"31":51,"32":4,"33":4,"34":51,"35":7,"36":2,"37":52,"38":4,"39":78,"40":0,"41":52,"42":0,"43":4,"44":0,"45":2},"f":{"0":52,"1":21,"2":21,"3":21,"4":2,"5":2,"6":9,"7":9,"8":4,"9":4,"10":0,"11":4,"12":7,"13":2,"14":52,"15":4,"16":78,"17":0,"18":52,"19":0,"20":4,"21":0},"b":{}}
,"/Users/tmys-sasaki/Projects/Private/KanshiChan/frontend/src/utils/websocket.ts": {"path":"/Users/tmys-sasaki/Projects/Private/KanshiChan/frontend/src/utils/websocket.ts","statementMap":{"0":{"start":{"line":1,"column":0},"end":{"line":1,"column":46}},"1":{"start":{"line":24,"column":10},"end":{"line":24,"column":39}},"2":{"start":{"line":25,"column":10},"end":{"line":25,"column":55}},"3":{"start":{"line":26,"column":10},"end":{"line":26,"column":58}},"4":{"start":{"line":27,"column":10},"end":{"line":27,"column":60}},"5":{"start":{"line":28,"column":10},"end":{"line":28,"column":77}},"6":{"start":{"line":29,"column":10},"end":{"line":29,"column":76}},"7":{"start":{"line":37,"column":4},"end":{"line":39,"column":5}},"8":{"start":{"line":38,"column":6},"end":{"line":38,"column":57}},"9":{"start":{"line":40,"column":4},"end":{"line":40,"column":37}},"10":{"start":{"line":45,"column":4},"end":{"line":47,"column":5}},"11":{"start":{"line":46,"column":6},"end":{"line":46,"column":13}},"12":{"start":{"line":50,"column":4},"end":{"line":55,"column":7}},"13":{"start":{"line":58,"column":4},"end":{"line":61,"column":7}},"14":{"start":{"line":59,"column":6},"end":{"line":59,"column":41}},"15":{"start":{"line":60,"column":6},"end":{"line":60,"column":60}},"16":{"start":{"line":60,"column":48},"end":{"line":60,"column":58}},"17":{"start":{"line":63,"column":4},"end":{"line":66,"column":7}},"18":{"start":{"line":64,"column":6},"end":{"line":64,"column":44}},"19":{"start":{"line":65,"column":6},"end":{"line":65,"column":63}},"20":{"start":{"line":65,"column":51},"end":{"line":65,"column":61}},"21":{"start":{"line":68,"column":4},"end":{"line":71,"column":7}},"22":{"start":{"line":69,"column":6},"end":{"line":69,"column":58}},"23":{"start":{"line":70,"column":6},"end":{"line":70,"column":63}},"24":{"start":{"line":70,"column":46},"end":{"line":70,"column":61}},"25":{"start":{"line":73,"column":4},"end":{"line":75,"column":7}},"26":{"start":{"line":74,"column":6},"end":{"line":74,"column":69}},"27":{"start":{"line":74,"column":53},"end":{"line":74,"column":67}},"28":{"start":{"line":77,"column":4},"end":{"line":80,"column":7}},"29":{"start":{"line":78,"column":6},"end":{"line":78,"column":52}},"30":{"start":{"line":79,"column":6},"end":{"line":79,"column":70}},"31":{"start":{"line":79,"column":54},"end":{"line":79,"column":68}},"32":{"start":{"line":85,"column":4},"end":{"line":88,"column":5}},"33":{"start":{"line":86,"column":6},"end":{"line":86,"column":31}},"34":{"start":{"line":87,"column":6},"end":{"line":87,"column":25}},"35":{"start":{"line":93,"column":4},"end":{"line":93,"column":41}},"36":{"start":{"line":94,"column":4},"end":{"line":96,"column":6}},"37":{"start":{"line":95,"column":6},"end":{"line":95,"column":82}},"38":{"start":{"line":95,"column":65},"end":{"line":95,"column":80}},"39":{"start":{"line":100,"column":4},"end":{"line":100,"column":44}},"40":{"start":{"line":101,"column":4},"end":{"line":103,"column":6}},"41":{"start":{"line":102,"column":6},"end":{"line":102,"column":88}},"42":{"start":{"line":102,"column":71},"end":{"line":102,"column":86}},"43":{"start":{"line":107,"column":4},"end":{"line":107,"column":39}},"44":{"start":{"line":108,"column":4},"end":{"line":110,"column":6}},"45":{"start":{"line":109,"column":6},"end":{"line":109,"column":78}},"46":{"start":{"line":109,"column":61},"end":{"line":109,"column":76}},"47":{"start":{"line":114,"column":4},"end":{"line":114,"column":46}},"48":{"start":{"line":115,"column":4},"end":{"line":117,"column":6}},"49":{"start":{"line":116,"column":6},"end":{"line":116,"column":92}},"50":{"start":{"line":116,"column":75},"end":{"line":116,"column":90}},"51":{"start":{"line":121,"column":4},"end":{"line":121,"column":47}},"52":{"start":{"line":122,"column":4},"end":{"line":124,"column":6}},"53":{"start":{"line":123,"column":6},"end":{"line":123,"column":94}},"54":{"start":{"line":123,"column":77},"end":{"line":123,"column":92}},"55":{"start":{"line":129,"column":13},"end":{"line":129,"column":63}}},"fnMap":{"0":{"name":"(anonymous_0)","decl":{"start":{"line":34,"column":2},"end":{"line":34,"column":25}},"loc":{"start":{"line":34,"column":2},"end":{"line":34,"column":26}}},"1":{"name":"(anonymous_1)","decl":{"start":{"line":36,"column":9},"end":{"line":36,"column":15}},"loc":{"start":{"line":36,"column":27},"end":{"line":41,"column":3}}},"2":{"name":"(anonymous_2)","decl":{"start":{"line":44,"column":9},"end":{"line":44,"column":19}},"loc":{"start":{"line":44,"column":19},"end":{"line":81,"column":3}}},"3":{"name":"(anonymous_3)","decl":{"start":{"line":58,"column":30},"end":{"line":58,"column":33}},"loc":{"start":{"line":58,"column":35},"end":{"line":61,"column":5}}},"4":{"name":"(anonymous_4)","decl":{"start":{"line":60,"column":36},"end":{"line":60,"column":44}},"loc":{"start":{"line":60,"column":48},"end":{"line":60,"column":58}}},"5":{"name":"(anonymous_5)","decl":{"start":{"line":63,"column":33},"end":{"line":63,"column":36}},"loc":{"start":{"line":63,"column":38},"end":{"line":66,"column":5}}},"6":{"name":"(anonymous_6)","decl":{"start":{"line":65,"column":39},"end":{"line":65,"column":47}},"loc":{"start":{"line":65,"column":51},"end":{"line":65,"column":61}}},"7":{"name":"(anonymous_7)","decl":{"start":{"line":68,"column":36},"end":{"line":68,"column":37}},"loc":{"start":{"line":68,"column":46},"end":{"line":71,"column":5}}},"8":{"name":"(anonymous_8)","decl":{"start":{"line":70,"column":34},"end":{"line":70,"column":42}},"loc":{"start":{"line":70,"column":46},"end":{"line":70,"column":61}}},"9":{"name":"(anonymous_9)","decl":{"start":{"line":73,"column":36},"end":{"line":73,"column":37}},"loc":{"start":{"line":73,"column":62},"end":{"line":75,"column":5}}},"10":{"name":"(anonymous_10)","decl":{"start":{"line":74,"column":41},"end":{"line":74,"column":49}},"loc":{"start":{"line":74,"column":53},"end":{"line":74,"column":67}}},"11":{"name":"(anonymous_11)","decl":{"start":{"line":77,"column":37},"end":{"line":77,"column":38}},"loc":{"start":{"line":77,"column":61},"end":{"line":80,"column":5}}},"12":{"name":"(anonymous_12)","decl":{"start":{"line":79,"column":42},"end":{"line":79,"column":50}},"loc":{"start":{"line":79,"column":54},"end":{"line":79,"column":68}}},"13":{"name":"(anonymous_13)","decl":{"start":{"line":84,"column":9},"end":{"line":84,"column":19}},"loc":{"start":{"line":84,"column":19},"end":{"line":89,"column":3}}},"14":{"name":"(anonymous_14)","decl":{"start":{"line":92,"column":9},"end":{"line":92,"column":18}},"loc":{"start":{"line":92,"column":48},"end":{"line":97,"column":3}}},"15":{"name":"(anonymous_15)","decl":{"start":{"line":94,"column":11},"end":{"line":94,"column":14}},"loc":{"start":{"line":94,"column":16},"end":{"line":96,"column":5}}},"16":{"name":"(anonymous_16)","decl":{"start":{"line":95,"column":59},"end":{"line":95,"column":61}},"loc":{"start":{"line":95,"column":65},"end":{"line":95,"column":80}}},"17":{"name":"(anonymous_17)","decl":{"start":{"line":99,"column":9},"end":{"line":99,"column":21}},"loc":{"start":{"line":99,"column":51},"end":{"line":104,"column":3}}},"18":{"name":"(anonymous_18)","decl":{"start":{"line":101,"column":11},"end":{"line":101,"column":14}},"loc":{"start":{"line":101,"column":16},"end":{"line":103,"column":5}}},"19":{"name":"(anonymous_19)","decl":{"start":{"line":102,"column":65},"end":{"line":102,"column":67}},"loc":{"start":{"line":102,"column":71},"end":{"line":102,"column":86}}},"20":{"name":"(anonymous_20)","decl":{"start":{"line":106,"column":9},"end":{"line":106,"column":16}},"loc":{"start":{"line":106,"column":53},"end":{"line":111,"column":3}}},"21":{"name":"(anonymous_21)","decl":{"start":{"line":108,"column":11},"end":{"line":108,"column":14}},"loc":{"start":{"line":108,"column":16},"end":{"line":110,"column":5}}},"22":{"name":"(anonymous_22)","decl":{"start":{"line":109,"column":55},"end":{"line":109,"column":57}},"loc":{"start":{"line":109,"column":61},"end":{"line":109,"column":76}}},"23":{"name":"(anonymous_23)","decl":{"start":{"line":113,"column":9},"end":{"line":113,"column":23}},"loc":{"start":{"line":113,"column":70},"end":{"line":118,"column":3}}},"24":{"name":"(anonymous_24)","decl":{"start":{"line":115,"column":11},"end":{"line":115,"column":14}},"loc":{"start":{"line":115,"column":16},"end":{"line":117,"column":5}}},"25":{"name":"(anonymous_25)","decl":{"start":{"line":116,"column":69},"end":{"line":116,"column":71}},"loc":{"start":{"line":116,"column":75},"end":{"line":116,"column":90}}},"26":{"name":"(anonymous_26)","decl":{"start":{"line":120,"column":9},"end":{"line":120,"column":24}},"loc":{"start":{"line":120,"column":69},"end":{"line":125,"column":3}}},"27":{"name":"(anonymous_27)","decl":{"start":{"line":122,"column":11},"end":{"line":122,"column":14}},"loc":{"start":{"line":122,"column":16},"end":{"line":124,"column":5}}},"28":{"name":"(anonymous_28)","decl":{"start":{"line":123,"column":71},"end":{"line":123,"column":73}},"loc":{"start":{"line":123,"column":77},"end":{"line":123,"column":92}}}},"branchMap":{"0":{"loc":{"start":{"line":37,"column":4},"end":{"line":39,"column":5}},"type":"if","locations":[{"start":{"line":37,"column":4},"end":{"line":39,"column":5}}]},"1":{"loc":{"start":{"line":45,"column":4},"end":{"line":47,"column":5}},"type":"if","locations":[{"start":{"line":45,"column":4},"end":{"line":47,"column":5}}]},"2":{"loc":{"start":{"line":85,"column":4},"end":{"line":88,"column":5}},"type":"if","locations":[{"start":{"line":85,"column":4},"end":{"line":88,"column":5}}]}},"s":{"0":3,"1":3,"2":3,"3":3,"4":3,"5":3,"6":3,"7":3,"8":3,"9":3,"10":6,"11":0,"12":6,"13":6,"14":0,"15":0,"16":0,"17":6,"18":0,"19":0,"20":0,"21":6,"22":1,"23":1,"24":1,"25":6,"26":2,"27":3,"28":6,"29":1,"30":1,"31":1,"32":8,"33":6,"34":6,"35":0,"36":0,"37":0,"38":0,"39":0,"40":0,"41":0,"42":0,"43":1,"44":1,"45":0,"46":0,"47":3,"48":3,"49":1,"50":2,"51":1,"52":1,"53":0,"54":0,"55":3},"f":{"0":3,"1":3,"2":6,"3":0,"4":0,"5":0,"6":0,"7":1,"8":1,"9":2,"10":3,"11":1,"12":1,"13":8,"14":0,"15":0,"16":0,"17":0,"18":0,"19":0,"20":1,"21":0,"22":0,"23":3,"24":1,"25":2,"26":1,"27":0,"28":0},"b":{"0":[3],"1":[0],"2":[6]}}
}
