TN:
SF:src/App.tsx
FN:6,App
FNF:1
FNH:1
FNDA:9,App
DA:1,1
DA:2,1
DA:3,1
DA:4,1
DA:7,9
DA:31,1
LF:6
LH:6
BRF:0
BRH:0
end_of_record
TN:
SF:src/components/MonitorView.tsx
FN:6,(anonymous_7)
FN:18,(anonymous_8)
FN:23,(anonymous_9)
FN:34,(anonymous_10)
FN:41,(anonymous_11)
FN:47,(anonymous_12)
FN:55,(anonymous_13)
FN:55,(anonymous_14)
FN:76,(anonymous_15)
FN:77,(anonymous_16)
FN:82,(anonymous_17)
FNF:11
FNH:11
FNDA:24,(anonymous_7)
FNDA:19,(anonymous_8)
FNDA:1,(anonymous_9)
FNDA:1,(anonymous_10)
FNDA:19,(anonymous_11)
FNDA:19,(anonymous_12)
FNDA:3,(anonymous_13)
FNDA:3,(anonymous_14)
FNDA:19,(anonymous_15)
FNDA:2,(anonymous_16)
FNDA:19,(anonymous_17)
DA:1,2
DA:2,2
DA:3,2
DA:4,2
DA:6,2
DA:7,24
DA:8,24
DA:9,24
DA:10,24
DA:11,24
DA:18,24
DA:20,19
DA:23,19
DA:24,1
DA:34,19
DA:35,1
DA:36,1
DA:41,19
DA:42,19
DA:43,19
DA:47,24
DA:48,19
DA:51,19
DA:55,24
DA:56,3
DA:57,3
DA:58,2
DA:59,2
DA:61,1
DA:62,1
DA:65,0
DA:66,0
DA:76,24
DA:77,19
DA:78,2
DA:81,19
DA:82,19
DA:83,19
DA:87,24
LF:39
LH:37
BRDA:35,0,0,1
BRDA:48,1,0,19
BRDA:57,2,0,2
BRDA:57,2,1,1
BRDA:58,3,0,0
BRDA:58,3,1,2
BRDA:58,4,0,2
BRDA:58,4,1,2
BRDA:92,5,0,3
BRDA:92,5,1,21
BRDA:119,6,0,1
BRDA:119,6,1,23
BRDA:120,7,0,1
BRDA:120,7,1,23
BRDA:123,8,0,24
BRDA:123,8,1,23
BRDA:128,9,0,1
BRDA:128,9,1,23
BRDA:129,10,0,1
BRDA:129,10,1,23
BRDA:132,11,0,24
BRDA:132,11,1,1
BRDA:141,12,0,3
BRDA:141,12,1,21
BRF:24
BRH:23
end_of_record
TN:
SF:src/components/ScheduleView.tsx
FN:12,(anonymous_7)
FN:27,(anonymous_8)
FN:36,(anonymous_9)
FN:41,(anonymous_10)
FN:55,(anonymous_11)
FN:61,(anonymous_12)
FN:61,(anonymous_13)
FN:87,(anonymous_14)
FN:92,(anonymous_15)
FN:92,(anonymous_16)
FN:157,(anonymous_17)
FN:157,(anonymous_18)
FN:220,(anonymous_19)
FN:231,(anonymous_20)
FN:276,(anonymous_21)
FN:287,(anonymous_22)
FNF:16
FNH:14
FNDA:350,(anonymous_7)
FNDA:13,(anonymous_8)
FNDA:329,(anonymous_9)
FNDA:0,(anonymous_10)
FNDA:329,(anonymous_11)
FNDA:330,(anonymous_12)
FNDA:330,(anonymous_13)
FNDA:329,(anonymous_14)
FNDA:3,(anonymous_15)
FNDA:3,(anonymous_16)
FNDA:1,(anonymous_17)
FNDA:1,(anonymous_18)
FNDA:1,(anonymous_19)
FNDA:0,(anonymous_20)
FNDA:632,(anonymous_21)
FNDA:1,(anonymous_22)
DA:1,2
DA:2,2
DA:3,2
DA:4,2
DA:12,2
DA:13,350
DA:14,350
DA:15,350
DA:16,350
DA:19,350
DA:20,350
DA:22,350
DA:23,350
DA:24,350
DA:27,350
DA:28,13
DA:29,13
DA:30,13
DA:31,13
DA:32,13
DA:36,350
DA:38,329
DA:41,329
DA:42,0
DA:44,0
DA:55,329
DA:56,329
DA:61,350
DA:62,330
DA:63,330
DA:64,330
DA:65,330
DA:66,330
DA:67,0
DA:69,330
DA:70,330
DA:72,0
DA:73,0
DA:74,0
DA:82,330
DA:87,350
DA:88,329
DA:92,350
DA:94,3
DA:95,2
DA:102,2
DA:105,1
DA:106,1
DA:113,1
DA:116,0
DA:117,0
DA:118,0
DA:126,0
DA:127,0
DA:131,0
DA:132,0
DA:133,0
DA:135,0
DA:143,0
DA:144,0
DA:152,0
DA:157,350
DA:158,1
DA:159,1
DA:160,1
DA:164,1
DA:165,0
DA:169,1
DA:171,1
DA:179,0
DA:180,0
DA:188,1
DA:192,350
DA:220,1
DA:231,0
DA:277,632
DA:287,1
LF:77
LH:55
BRDA:42,0,0,0
BRDA:42,1,0,0
BRDA:42,1,1,0
BRDA:66,2,0,0
BRDA:94,3,0,2
BRDA:105,4,0,1
BRDA:126,5,0,0
BRDA:164,6,0,0
BRDA:202,7,0,337
BRDA:202,7,1,13
BRDA:256,8,0,350
BRDA:256,8,1,0
BRDA:262,9,0,34
BRDA:262,9,1,316
BRF:14
BRH:7
end_of_record
TN:
SF:src/components/SettingsPanel.tsx
FN:47,(anonymous_8)
FN:57,(anonymous_9)
FN:57,(anonymous_10)
FN:79,(anonymous_11)
FN:83,(anonymous_12)
FN:83,(anonymous_13)
FN:111,(anonymous_14)
FN:112,(anonymous_15)
FN:118,(anonymous_16)
FN:119,(anonymous_17)
FN:128,(anonymous_18)
FN:142,(anonymous_19)
FN:170,(anonymous_20)
FN:185,(anonymous_21)
FN:202,(anonymous_22)
FN:208,(anonymous_23)
FN:230,(anonymous_24)
FN:236,(anonymous_25)
FN:261,(anonymous_26)
FN:267,(anonymous_27)
FN:273,(anonymous_28)
FN:289,(anonymous_29)
FNF:22
FNH:18
FNDA:52,(anonymous_8)
FNDA:21,(anonymous_9)
FNDA:21,(anonymous_10)
FNDA:21,(anonymous_11)
FNDA:2,(anonymous_12)
FNDA:2,(anonymous_13)
FNDA:9,(anonymous_14)
FNDA:9,(anonymous_15)
FNDA:4,(anonymous_16)
FNDA:4,(anonymous_17)
FNDA:0,(anonymous_18)
FNDA:4,(anonymous_19)
FNDA:7,(anonymous_20)
FNDA:2,(anonymous_21)
FNDA:52,(anonymous_22)
FNDA:4,(anonymous_23)
FNDA:78,(anonymous_24)
FNDA:0,(anonymous_25)
FNDA:52,(anonymous_26)
FNDA:0,(anonymous_27)
FNDA:4,(anonymous_28)
FNDA:0,(anonymous_29)
DA:1,2
DA:24,2
DA:25,2
DA:47,2
DA:48,52
DA:55,51
DA:57,51
DA:58,21
DA:59,21
DA:60,20
DA:68,1
DA:69,1
DA:79,51
DA:80,21
DA:83,51
DA:84,2
DA:85,2
DA:92,1
DA:100,1
DA:101,1
DA:111,51
DA:112,9
DA:118,51
DA:119,4
DA:128,51
DA:129,0
DA:139,0
DA:142,51
DA:147,4
DA:157,4
DA:160,51
DA:170,7
DA:185,2
DA:203,52
DA:208,4
DA:231,78
DA:236,0
DA:262,52
DA:267,0
DA:273,4
DA:289,0
LF:41
LH:36
BRF:0
BRH:0
end_of_record
TN:
SF:src/utils/websocket.ts
FN:34,(anonymous_0)
FN:36,(anonymous_1)
FN:44,(anonymous_2)
FN:58,(anonymous_3)
FN:60,(anonymous_4)
FN:63,(anonymous_5)
FN:65,(anonymous_6)
FN:68,(anonymous_7)
FN:70,(anonymous_8)
FN:73,(anonymous_9)
FN:74,(anonymous_10)
FN:77,(anonymous_11)
FN:79,(anonymous_12)
FN:84,(anonymous_13)
FN:92,(anonymous_14)
FN:94,(anonymous_15)
FN:95,(anonymous_16)
FN:99,(anonymous_17)
FN:101,(anonymous_18)
FN:102,(anonymous_19)
FN:106,(anonymous_20)
FN:108,(anonymous_21)
FN:109,(anonymous_22)
FN:113,(anonymous_23)
FN:115,(anonymous_24)
FN:116,(anonymous_25)
FN:120,(anonymous_26)
FN:122,(anonymous_27)
FN:123,(anonymous_28)
FNF:29
FNH:15
FNDA:3,(anonymous_0)
FNDA:3,(anonymous_1)
FNDA:6,(anonymous_2)
FNDA:0,(anonymous_3)
FNDA:0,(anonymous_4)
FNDA:0,(anonymous_5)
FNDA:0,(anonymous_6)
FNDA:1,(anonymous_7)
FNDA:1,(anonymous_8)
FNDA:2,(anonymous_9)
FNDA:3,(anonymous_10)
FNDA:1,(anonymous_11)
FNDA:1,(anonymous_12)
FNDA:8,(anonymous_13)
FNDA:0,(anonymous_14)
FNDA:0,(anonymous_15)
FNDA:0,(anonymous_16)
FNDA:0,(anonymous_17)
FNDA:0,(anonymous_18)
FNDA:0,(anonymous_19)
FNDA:1,(anonymous_20)
FNDA:0,(anonymous_21)
FNDA:0,(anonymous_22)
FNDA:3,(anonymous_23)
FNDA:1,(anonymous_24)
FNDA:2,(anonymous_25)
FNDA:1,(anonymous_26)
FNDA:0,(anonymous_27)
FNDA:0,(anonymous_28)
DA:1,3
DA:24,3
DA:25,3
DA:26,3
DA:27,3
DA:28,3
DA:29,3
DA:37,3
DA:38,3
DA:40,3
DA:45,6
DA:46,0
DA:50,6
DA:58,6
DA:59,0
DA:60,0
DA:63,6
DA:64,0
DA:65,0
DA:68,6
DA:69,1
DA:70,1
DA:73,6
DA:74,3
DA:77,6
DA:78,1
DA:79,1
DA:85,8
DA:86,6
DA:87,6
DA:93,0
DA:94,0
DA:95,0
DA:100,0
DA:101,0
DA:102,0
DA:107,1
DA:108,1
DA:109,0
DA:114,3
DA:115,3
DA:116,2
DA:121,1
DA:122,1
DA:123,0
DA:129,3
LF:46
LH:33
BRDA:37,0,0,3
BRDA:45,1,0,0
BRDA:85,2,0,6
BRF:3
BRH:2
end_of_record
